{
  "RSpec": {
    "coverage": {
      "/Users/anna/Documents/projects/daily-diary-app/spec/features/add_entry_spec.rb": [
        null,
        null,
        null,
        null,
        1,
        1,
        1,
        1,
        null,
        null,
        null,
        null,
        null,
        null,
        1,
        1,
        1,
        1,
        1,
        1,
        null,
        null
      ],
      "/Users/anna/Documents/projects/daily-diary-app/spec/features/view_entries_spec.rb": [
        null,
        null,
        null,
        null,
        null,
        null,
        null
      ]
    },
    "timestamp": 1560966450
  }
}
